<?xml version="1.0" encoding="UTF-8"?>
<testng-results skipped="0" failed="0" ignored="0" total="2" passed="2">
  <reporter-output>
  </reporter-output>
  <suite name="Default suite" duration-ms="10424" started-at="2018-05-11T10:38:49Z" finished-at="2018-05-11T10:38:59Z">
    <groups>
    </groups>
    <test name="Default test" duration-ms="10424" started-at="2018-05-11T10:38:49Z" finished-at="2018-05-11T10:38:59Z">
      <class name="FirstGETCall">
        <test-method status="PASS" signature="GetWeather()[pri:0, instance:FirstGETCall@475530b9]" name="GetWeather" duration-ms="5448" started-at="2018-05-11T10:38:49Z" finished-at="2018-05-11T10:38:54Z">
          <reporter-output>
          </reporter-output>
        </test-method> <!-- GetWeather -->
        <test-method status="PASS" signature="GetWeatherInvalidCity()[pri:0, instance:FirstGETCall@475530b9]" name="GetWeatherInvalidCity" duration-ms="4956" started-at="2018-05-11T10:38:54Z" finished-at="2018-05-11T10:38:59Z">
          <reporter-output>
          </reporter-output>
        </test-method> <!-- GetWeatherInvalidCity -->
      </class> <!-- FirstGETCall -->
    </test> <!-- Default test -->
  </suite> <!-- Default suite -->
</testng-results>
