<?xml version="1.0" encoding="UTF-8"?>
<testng-results skipped="0" failed="0" ignored="0" total="1" passed="1">
  <reporter-output>
  </reporter-output>
  <suite name="Default suite" duration-ms="17209" started-at="2018-03-16T10:13:13Z" finished-at="2018-03-16T10:13:30Z">
    <groups>
    </groups>
    <test name="Default test" duration-ms="17209" started-at="2018-03-16T10:13:13Z" finished-at="2018-03-16T10:13:30Z">
      <class name="ArrowMiiTests.BroadcastIteratorTest">
        <test-method status="PASS" signature="launch()[pri:0, instance:ArrowMiiTests.BroadcastIteratorTest@3e27ba32]" name="launch" is-config="true" duration-ms="1389" started-at="2018-03-16T10:13:13Z" finished-at="2018-03-16T10:13:14Z">
          <reporter-output>
          </reporter-output>
        </test-method> <!-- launch -->
        <test-method status="PASS" signature="groupsToTriggerTestTest()[pri:6, instance:ArrowMiiTests.BroadcastIteratorTest@3e27ba32]" name="groupsToTriggerTestTest" duration-ms="15698" started-at="2018-03-16T10:13:14Z" finished-at="2018-03-16T10:13:30Z">
          <reporter-output>
          </reporter-output>
        </test-method> <!-- groupsToTriggerTestTest -->
        <test-method status="PASS" signature="exit()[pri:0, instance:ArrowMiiTests.BroadcastIteratorTest@3e27ba32]" name="exit" is-config="true" duration-ms="107" started-at="2018-03-16T10:13:30Z" finished-at="2018-03-16T10:13:30Z">
          <reporter-output>
          </reporter-output>
        </test-method> <!-- exit -->
      </class> <!-- ArrowMiiTests.BroadcastIteratorTest -->
    </test> <!-- Default test -->
  </suite> <!-- Default suite -->
</testng-results>
