<?xml version="1.0" encoding="UTF-8"?>
<testng-results skipped="0" failed="0" ignored="0" total="1" passed="1">
  <reporter-output>
  </reporter-output>
  <suite name="Default suite" duration-ms="5088" started-at="2018-03-16T02:16:37Z" finished-at="2018-03-16T02:16:42Z">
    <groups>
    </groups>
    <test name="Default test" duration-ms="5088" started-at="2018-03-16T02:16:37Z" finished-at="2018-03-16T02:16:42Z">
      <class name="ArrowMiiTests.BroadcastIteratorTest">
        <test-method status="PASS" signature="launch()[pri:0, instance:ArrowMiiTests.BroadcastIteratorTest@125a8ab6]" name="launch" is-config="true" duration-ms="555" started-at="2018-03-16T02:16:37Z" finished-at="2018-03-16T02:16:38Z">
          <reporter-output>
          </reporter-output>
        </test-method> <!-- launch -->
        <test-method status="PASS" signature="broadcastIterator()[pri:0, instance:ArrowMiiTests.BroadcastIteratorTest@125a8ab6]" name="broadcastIterator" duration-ms="4396" started-at="2018-03-16T02:16:38Z" finished-at="2018-03-16T02:16:42Z">
          <reporter-output>
          </reporter-output>
        </test-method> <!-- broadcastIterator -->
        <test-method status="PASS" signature="exit()[pri:0, instance:ArrowMiiTests.BroadcastIteratorTest@125a8ab6]" name="exit" is-config="true" duration-ms="108" started-at="2018-03-16T02:16:42Z" finished-at="2018-03-16T02:16:42Z">
          <reporter-output>
          </reporter-output>
        </test-method> <!-- exit -->
      </class> <!-- ArrowMiiTests.BroadcastIteratorTest -->
    </test> <!-- Default test -->
  </suite> <!-- Default suite -->
</testng-results>
